<?xml version="1.0" encoding="UTF-8"?>
<coverage generated="1710148959340" clover="3.2.0">
  <project timestamp="1710148959341" name="All files">
    <metrics statements="28" coveredstatements="28" conditionals="10" coveredconditionals="10" methods="9" coveredmethods="9" elements="47" coveredelements="47" complexity="0" loc="28" ncloc="28" packages="1" files="4" classes="4"/>
    <file name="AttackRules.js" path="C:\Users\Олег и Елена\Desktop\Frontend\ajs-homeworks\arraybuffer\ajs_ArrayBuffer_Math\src\AttackRules.js">
      <metrics statements="16" coveredstatements="16" conditionals="10" coveredconditionals="10" methods="6" coveredmethods="6"/>
      <line num="7" count="6" type="stmt"/>
      <line num="11" count="1" type="stmt"/>
      <line num="15" count="3" type="stmt"/>
      <line num="19" count="1" type="stmt"/>
      <line num="23" count="13" type="stmt"/>
      <line num="27" count="5" type="cond" truecount="4" falsecount="0"/>
      <line num="28" count="4" type="cond" truecount="2" falsecount="0"/>
      <line num="29" count="1" type="stmt"/>
      <line num="32" count="3" type="cond" truecount="2" falsecount="0"/>
      <line num="33" count="2" type="stmt"/>
      <line num="34" count="2" type="stmt"/>
      <line num="35" count="2" type="cond" truecount="2" falsecount="0"/>
      <line num="36" count="1" type="stmt"/>
      <line num="38" count="1" type="stmt"/>
      <line num="40" count="1" type="stmt"/>
      <line num="42" count="1" type="stmt"/>
    </file>
    <file name="Bowman.js" path="C:\Users\Олег и Елена\Desktop\Frontend\ajs-homeworks\arraybuffer\ajs_ArrayBuffer_Math\src\Bowman.js">
      <metrics statements="3" coveredstatements="3" conditionals="0" coveredconditionals="0" methods="1" coveredmethods="1"/>
      <line num="5" count="2" type="stmt"/>
      <line num="6" count="2" type="stmt"/>
      <line num="7" count="2" type="stmt"/>
    </file>
    <file name="Demon.js" path="C:\Users\Олег и Елена\Desktop\Frontend\ajs-homeworks\arraybuffer\ajs_ArrayBuffer_Math\src\Demon.js">
      <metrics statements="3" coveredstatements="3" conditionals="0" coveredconditionals="0" methods="1" coveredmethods="1"/>
      <line num="5" count="2" type="stmt"/>
      <line num="6" count="2" type="stmt"/>
      <line num="7" count="2" type="stmt"/>
    </file>
    <file name="index.js" path="C:\Users\Олег и Елена\Desktop\Frontend\ajs-homeworks\arraybuffer\ajs_ArrayBuffer_Math\src\index.js">
      <metrics statements="6" coveredstatements="6" conditionals="0" coveredconditionals="0" methods="1" coveredmethods="1"/>
      <line num="3" count="5" type="stmt"/>
      <line num="4" count="5" type="stmt"/>
      <line num="5" count="5" type="stmt"/>
      <line num="6" count="5" type="stmt"/>
      <line num="7" count="5" type="stmt"/>
      <line num="8" count="5" type="stmt"/>
    </file>
  </project>
</coverage>
