<?xml version="1.0" encoding="UTF-8"?>
<coverage generated="1709643944876" clover="3.2.0">
  <project timestamp="1709643944877" name="All files">
    <metrics statements="30" coveredstatements="30" conditionals="12" coveredconditionals="12" methods="8" coveredmethods="8" elements="50" coveredelements="50" complexity="0" loc="30" ncloc="30" packages="1" files="5" classes="5"/>
    <file name="AttackRules.js" path="C:\Users\Олег и Елена\Desktop\Frontend\ajs-homeworks\arraybuffer\ajs_ArrayBuffer_Math\src\AttackRules.js">
      <metrics statements="15" coveredstatements="15" conditionals="12" coveredconditionals="12" methods="4" coveredmethods="4"/>
      <line num="7" count="7" type="stmt"/>
      <line num="8" count="7" type="stmt"/>
      <line num="12" count="6" type="cond" truecount="4" falsecount="0"/>
      <line num="13" count="5" type="cond" truecount="2" falsecount="0"/>
      <line num="14" count="1" type="stmt"/>
      <line num="15" count="4" type="cond" truecount="2" falsecount="0"/>
      <line num="16" count="1" type="stmt"/>
      <line num="18" count="3" type="stmt"/>
      <line num="21" count="6" type="stmt"/>
      <line num="25" count="3" type="stmt"/>
      <line num="29" count="3" type="cond" truecount="2" falsecount="0"/>
      <line num="30" count="2" type="stmt"/>
      <line num="31" count="2" type="cond" truecount="2" falsecount="0"/>
      <line num="32" count="1" type="stmt"/>
      <line num="35" count="3" type="stmt"/>
    </file>
    <file name="Bowman.js" path="C:\Users\Олег и Елена\Desktop\Frontend\ajs-homeworks\arraybuffer\ajs_ArrayBuffer_Math\src\Bowman.js">
      <metrics statements="3" coveredstatements="3" conditionals="0" coveredconditionals="0" methods="1" coveredmethods="1"/>
      <line num="5" count="2" type="stmt"/>
      <line num="6" count="2" type="stmt"/>
      <line num="7" count="2" type="stmt"/>
    </file>
    <file name="Demon.js" path="C:\Users\Олег и Елена\Desktop\Frontend\ajs-homeworks\arraybuffer\ajs_ArrayBuffer_Math\src\Demon.js">
      <metrics statements="3" coveredstatements="3" conditionals="0" coveredconditionals="0" methods="1" coveredmethods="1"/>
      <line num="5" count="2" type="stmt"/>
      <line num="6" count="2" type="stmt"/>
      <line num="7" count="2" type="stmt"/>
    </file>
    <file name="Magican.js" path="C:\Users\Олег и Елена\Desktop\Frontend\ajs-homeworks\arraybuffer\ajs_ArrayBuffer_Math\src\Magican.js">
      <metrics statements="3" coveredstatements="3" conditionals="0" coveredconditionals="0" methods="1" coveredmethods="1"/>
      <line num="5" count="2" type="stmt"/>
      <line num="6" count="2" type="stmt"/>
      <line num="7" count="2" type="stmt"/>
    </file>
    <file name="index.js" path="C:\Users\Олег и Елена\Desktop\Frontend\ajs-homeworks\arraybuffer\ajs_ArrayBuffer_Math\src\index.js">
      <metrics statements="6" coveredstatements="6" conditionals="0" coveredconditionals="0" methods="1" coveredmethods="1"/>
      <line num="3" count="7" type="stmt"/>
      <line num="4" count="7" type="stmt"/>
      <line num="5" count="7" type="stmt"/>
      <line num="6" count="7" type="stmt"/>
      <line num="7" count="7" type="stmt"/>
      <line num="8" count="7" type="stmt"/>
    </file>
  </project>
</coverage>
