TN:
SF:src\AttackRules.js
FN:6,(anonymous_0)
FN:11,(anonymous_1)
FN:24,(anonymous_2)
FN:28,(anonymous_3)
FNF:4
FNH:4
FNDA:7,(anonymous_0)
FNDA:6,(anonymous_1)
FNDA:3,(anonymous_2)
FNDA:3,(anonymous_3)
DA:7,7
DA:8,7
DA:12,6
DA:13,5
DA:14,1
DA:15,4
DA:16,1
DA:18,3
DA:21,6
DA:25,3
DA:29,3
DA:30,2
DA:31,2
DA:32,1
DA:35,3
LF:15
LH:15
BRDA:12,0,0,5
BRDA:12,0,1,1
BRDA:12,1,0,6
BRDA:12,1,1,1
BRDA:13,2,0,1
BRDA:13,2,1,4
BRDA:15,3,0,1
BRDA:15,3,1,3
BRDA:29,4,0,2
BRDA:29,4,1,1
BRDA:31,5,0,1
BRDA:31,5,1,1
BRF:12
BRH:12
end_of_record
TN:
SF:src\Bowman.js
FN:4,(anonymous_0)
FNF:1
FNH:1
FNDA:2,(anonymous_0)
DA:5,2
DA:6,2
DA:7,2
LF:3
LH:3
BRF:0
BRH:0
end_of_record
TN:
SF:src\Demon.js
FN:4,(anonymous_0)
FNF:1
FNH:1
FNDA:2,(anonymous_0)
DA:5,2
DA:6,2
DA:7,2
LF:3
LH:3
BRF:0
BRH:0
end_of_record
TN:
SF:src\Magican.js
FN:4,(anonymous_0)
FNF:1
FNH:1
FNDA:2,(anonymous_0)
DA:5,2
DA:6,2
DA:7,2
LF:3
LH:3
BRF:0
BRH:0
end_of_record
TN:
SF:src\index.js
FN:2,(anonymous_0)
FNF:1
FNH:1
FNDA:7,(anonymous_0)
DA:3,7
DA:4,7
DA:5,7
DA:6,7
DA:7,7
DA:8,7
LF:6
LH:6
BRF:0
BRH:0
end_of_record
